<?xml version="1.0" encoding="UTF-8"?>
<!-- Generated by org.testng.reporters.JUnitXMLReporter -->
<testsuite ignored="2" hostname="DESKTOP-65U1BV4" failures="1" tests="1" name="Test" time="7059.997" errors="0" timestamp="2024-11-08T16:08:18 IST">
  <testcase classname="commonMethods.Testcases" name="ComprehensiveTesting" time="7056.738">
    <failure type="java.lang.AssertionError" message="null">
      <![CDATA[java.lang.AssertionError: null
at commonMethods.Keywords.click(Keywords.java:224)
at scripts.DASHPRO_LINE_TESTING.line_widget_testing(DASHPRO_LINE_TESTING.java:2412)
at commonMethods.Testcases.ComprehensiveTesting(Testcases.java:397)
at java.base/java.util.ArrayList.forEach(ArrayList.java:1596)
... Removed 27 stack frames]]>
    </failure>
  </testcase> <!-- ComprehensiveTesting -->
  <testcase classname="commonMethods.Testcases" name="SmokeTesting" time="0.0">
    <ignored/>
  </testcase> <!-- SmokeTesting -->
  <testcase classname="commonMethods.Testcases" name="TestCase_DP01" time="0.0">
    <ignored/>
  </testcase> <!-- TestCase_DP01 -->
</testsuite> <!-- Test -->
